<?xml version="1.0" encoding="UTF-8"?>
<!-- Generated by org.testng.reporters.JUnitReportReporter -->
<testsuite hostname="DESKTOP-U5SUVO0" failures="0" tests="1" name="Runner.TestRunner" time="30.992" errors="0" timestamp="2024-04-19T16:04:48 IST" skipped="0">
  <testcase classname="Runner.TestRunner" name="runScenario" time="30.992"/>
  <system-out/>
</testsuite> <!-- Runner.TestRunner -->
