<?xml version="1.0" encoding="UTF-8"?>
<!-- Generated by org.testng.reporters.JUnitReportReporter -->
<testsuite hostname="DESKTOP-U5SUVO0" failures="0" tests="2" name="Runner.TestRunner" time="67.963" errors="0" timestamp="2024-04-19T17:14:13 IST" skipped="0">
  <testcase classname="Runner.TestRunner" name="runScenario" time="34.227"/>
  <system-out/>
  <testcase classname="Runner.TestRunner" name="runScenario" time="33.736"/>
  <system-out/>
</testsuite> <!-- Runner.TestRunner -->
